[
  {
    "type": "error",
    "text": "Loading the script 'https://app.secureprivacy.ai/script/6a3ed1e24918bc215a46b057.js' violates the following Content Security Policy directive: \"script-src 'self'\". Note that 'script-src-elem' was not explicitly set, so 'script-src' is used as a fallback. The action has been blocked."
  },
  {
    "type": "requestfailed",
    "url": "https://app.secureprivacy.ai/script/6a3ed1e24918bc215a46b057.js",
    "error": "csp"
  },
  {
    "type": "error",
    "text": "Loading the script 'https://www.googletagmanager.com/gtag/js?id=AW-18232630878' violates the following Content Security Policy directive: \"script-src 'self'\". Note that 'script-src-elem' was not explicitly set, so 'script-src' is used as a fallback. The action has been blocked."
  },
  {
    "type": "requestfailed",
    "url": "https://www.googletagmanager.com/gtag/js?id=AW-18232630878",
    "error": "csp"
  },
  {
    "type": "error",
    "text": "Executing inline script violates the following Content Security Policy directive 'script-src 'self''. Either the 'unsafe-inline' keyword, a hash ('sha256-txfVMTjA17YAou6b4IoODhx0W91mnz9BSTDqtDJSreM='), or a nonce ('nonce-...') is required to enable inline execution. The action has been blocked."
  },
  {
    "type": "error",
    "text": "Executing inline script violates the following Content Security Policy directive 'script-src 'self''. Either the 'unsafe-inline' keyword, a hash ('sha256-YVCzUancAetwIQksaZznI0g/516l2XlM6do1chFUHeI='), or a nonce ('nonce-...') is required to enable inline execution. The action has been blocked."
  },
  {
    "type": "info",
    "text": "%cDownload the React DevTools for a better development experience: https://react.dev/link/react-devtools font-weight:bold"
  },
  {
    "type": "error",
    "text": "Failed to load resource: the server responded with a status of 401 (Unauthorized)"
  },
  {
    "type": "error",
    "text": "Failed to load resource: the server responded with a status of 401 (Unauthorized)"
  },
  {
    "type": "title",
    "text": "VentureOS"
  },
  {
    "type": "body",
    "text": "SOFTWARE PASSPORT REGISTRY\nDashboard\nTrust\nLineage\nAnalyze\nProjects\nRegistry\nPassports\nReports\nCompliance\nBilling\nVendor\nEnterprise\nPublic Registry\nSign in\nTry demo\nSign in to VentureOS\nUse your workspace credentials to continue.\nEmail\nPassword\nSign in\nNew to VentureOS?\nCreate account"
  }
]