
   - 
                                                                                                                        

   - 
   \ 
   | 
   / 
                                                                                                                        
Found PostgreSQL 17 [PostgreSQL.PostgreSQL.17] Version 17.10-2
This application is licensed to you by its owner.
Microsoft is not responsible for, nor does it grant any licenses to, third-party packages.
Successfully verified installer hash
Starting package install...

   - 
   \ 
   | 
   / 
   - 
   \ 
   | 
   / 
   - 
   \ 
   | 
   / 
   - 
   \ 
   | 
   / 
   - 
   \ 
   | 
   / 
   - 
   \ 
   | 
   / 
   - 
   \ 
   | 
   / 
   - 
   \ 
   | 
   / 
   - 
   \ 
   | 
   / 
   - 
   \ 
   | 
   / 
   - 
   \ 
   | 
   / 
   - 
   \ 
   | 
   / 
   - 
   \ 
   | 
   / 
   - 
   \ 
   | 
   / 
   - 
   \ 
   | 
   / 
   - 
   \ 
   | 
   / 
   - 
   \ 
   | 
   / 
   - 
   \ 
   | 
   / 
   - 
   \ 
   | 
   / 
   - 
   \ 
   | 
   / 
   - 
   \ 
   | 
   / 
                                                                                                                        
Installer failed with exit code: 1
